2014-04-01 10:29:27 



















2014-04-01 10:29:27 Matrixcoin version v0.8.6.0-unk-beta (Apr  1 2014, 00:41:47)
2014-04-01 10:29:27 Using OpenSSL version OpenSSL 1.0.1f 6 Jan 2014
2014-04-01 10:29:27 Default data directory .
2014-04-01 10:29:27 Using data directory .
2014-04-01 10:29:27 Using at most 125 connections (2048 file descriptors available)
2014-04-01 10:29:27 Using 4 threads for script verification
2014-04-01 10:29:27 init message: Verifying wallet...
2014-04-01 10:29:27 dbenv.open LogDir=.\database ErrorFile=.\db.log
2014-04-01 10:29:27 Bound to [::]:11071
2014-04-01 10:29:27 Bound to 0.0.0.0:11071
2014-04-01 10:29:27 init message: Loading block index...
2014-04-01 10:29:27 Opening LevelDB in .\blocks\index
2014-04-01 10:29:27 Opened LevelDB successfully
2014-04-01 10:29:27 Opening LevelDB in .\chainstate
2014-04-01 10:29:27 Opened LevelDB successfully
2014-04-01 10:29:27 LoadBlockIndexDB(): last block file = 0
2014-04-01 10:29:27 LoadBlockIndexDB(): transaction index disabled
2014-04-01 10:29:27 Initializing databases...
2014-04-01 10:29:27 00000000d11c63ed155683cf83fb45e1fb15414535886ffbaf9d5821e4b75306
2014-04-01 10:29:27 00000000d11c63ed155683cf83fb45e1fb15414535886ffbaf9d5821e4b75306
2014-04-01 10:29:27 a99c7c572f07503bb52506cc6bcc18a0653d78c9c34fd7b576fe093723554bac
2014-04-01 10:29:27 CBlock(hash=00000000d11c63ed155683cf83fb45e1fb15414535886ffbaf9d5821e4b75306, ver=1, hashPrevBlock=0000000000000000000000000000000000000000000000000000000000000000, hashMerkleRoot=a99c7c572f07503bb52506cc6bcc18a0653d78c9c34fd7b576fe093723554bac, nTime=1396169106, nBits=1d00ffff, nNonce=1291458536, vtx=1)
2014-04-01 10:29:27   CTransaction(hash=a99c7c572f07503bb52506cc6bcc18a0653d78c9c34fd7b576fe093723554bac, ver=1, vin.size=1, vout.size=1, nLockTime=0)
    CTxIn(COutPoint(0000000000000000000000000000000000000000000000000000000000000000, 4294967295), coinbase 04ffff001d01040d4d74676f7820697320646f776e)
    CTxOut(nValue=50.00000000, scriptPubKey=04678afdb0fe5548271967f1a67130)
  vMerkleTree: a99c7c572f07503bb52506cc6bcc18a0653d78c9c34fd7b576fe093723554bac 
2014-04-01 10:29:27 Pre-allocating up to position 0x1000000 in blk00000.dat
2014-04-01 10:29:27 SetBestChain: new best=00000000d11c63ed155683cf83fb45e1fb15414535886ffbaf9d5821e4b75306  height=0  log2_work=32.000022  tx=1  date=2014-03-30 08:45:06 progress=0.000000
2014-04-01 10:29:27 init message: Verifying blocks...
2014-04-01 10:29:27  block index              35ms
2014-04-01 10:29:27 init message: Loading wallet...
2014-04-01 10:29:27 nFileVersion = 80600
2014-04-01 10:29:27 Performing wallet upgrade to 60000
2014-04-01 10:29:29 keypool added key 1, size=1
2014-04-01 10:29:29 keypool added key 2, size=2
2014-04-01 10:29:29 keypool added key 3, size=3
2014-04-01 10:29:29 keypool added key 4, size=4
2014-04-01 10:29:29 keypool added key 5, size=5
2014-04-01 10:29:29 keypool added key 6, size=6
2014-04-01 10:29:30 keypool added key 7, size=7
2014-04-01 10:29:30 keypool added key 8, size=8
2014-04-01 10:29:30 keypool added key 9, size=9
2014-04-01 10:29:30 keypool added key 10, size=10
2014-04-01 10:29:30 keypool added key 11, size=11
2014-04-01 10:29:30 keypool added key 12, size=12
2014-04-01 10:29:30 keypool added key 13, size=13
2014-04-01 10:29:30 keypool added key 14, size=14
2014-04-01 10:29:30 keypool added key 15, size=15
2014-04-01 10:29:30 keypool added key 16, size=16
2014-04-01 10:29:30 keypool added key 17, size=17
2014-04-01 10:29:30 keypool added key 18, size=18
2014-04-01 10:29:31 keypool added key 19, size=19
2014-04-01 10:29:31 keypool added key 20, size=20
2014-04-01 10:29:31 keypool added key 21, size=21
2014-04-01 10:29:31 keypool added key 22, size=22
2014-04-01 10:29:31 keypool added key 23, size=23
2014-04-01 10:29:31 keypool added key 24, size=24
2014-04-01 10:29:31 keypool added key 25, size=25
2014-04-01 10:29:31 keypool added key 26, size=26
2014-04-01 10:29:32 keypool added key 27, size=27
2014-04-01 10:29:32 keypool added key 28, size=28
2014-04-01 10:29:32 keypool added key 29, size=29
2014-04-01 10:29:32 keypool added key 30, size=30
2014-04-01 10:29:32 keypool added key 31, size=31
2014-04-01 10:29:32 keypool added key 32, size=32
2014-04-01 10:29:32 keypool added key 33, size=33
2014-04-01 10:29:32 keypool added key 34, size=34
2014-04-01 10:29:32 keypool added key 35, size=35
2014-04-01 10:29:32 keypool added key 36, size=36
2014-04-01 10:29:32 keypool added key 37, size=37
2014-04-01 10:29:32 keypool added key 38, size=38
2014-04-01 10:29:33 keypool added key 39, size=39
2014-04-01 10:29:33 keypool added key 40, size=40
2014-04-01 10:29:33 keypool added key 41, size=41
2014-04-01 10:29:33 keypool added key 42, size=42
2014-04-01 10:29:33 keypool added key 43, size=43
2014-04-01 10:29:33 keypool added key 44, size=44
2014-04-01 10:29:33 keypool added key 45, size=45
2014-04-01 10:29:33 keypool added key 46, size=46
2014-04-01 10:29:33 keypool added key 47, size=47
2014-04-01 10:29:33 keypool added key 48, size=48
2014-04-01 10:29:33 keypool added key 49, size=49
2014-04-01 10:29:34 keypool added key 50, size=50
2014-04-01 10:29:34 keypool added key 51, size=51
2014-04-01 10:29:34 keypool added key 52, size=52
2014-04-01 10:29:34 keypool added key 53, size=53
2014-04-01 10:29:34 keypool added key 54, size=54
2014-04-01 10:29:34 keypool added key 55, size=55
2014-04-01 10:29:34 keypool added key 56, size=56
2014-04-01 10:29:34 keypool added key 57, size=57
2014-04-01 10:29:35 keypool added key 58, size=58
2014-04-01 10:29:35 keypool added key 59, size=59
2014-04-01 10:29:35 keypool added key 60, size=60
2014-04-01 10:29:35 keypool added key 61, size=61
2014-04-01 10:29:35 keypool added key 62, size=62
2014-04-01 10:29:35 keypool added key 63, size=63
2014-04-01 10:29:35 keypool added key 64, size=64
2014-04-01 10:29:35 keypool added key 65, size=65
2014-04-01 10:29:35 keypool added key 66, size=66
2014-04-01 10:29:36 keypool added key 67, size=67
2014-04-01 10:29:36 keypool added key 68, size=68
2014-04-01 10:29:36 keypool added key 69, size=69
2014-04-01 10:29:36 keypool added key 70, size=70
2014-04-01 10:29:36 keypool added key 71, size=71
2014-04-01 10:29:36 keypool added key 72, size=72
2014-04-01 10:29:36 keypool added key 73, size=73
2014-04-01 10:29:36 keypool added key 74, size=74
2014-04-01 10:29:36 keypool added key 75, size=75
2014-04-01 10:29:37 keypool added key 76, size=76
2014-04-01 10:29:37 keypool added key 77, size=77
2014-04-01 10:29:37 keypool added key 78, size=78
2014-04-01 10:29:37 keypool added key 79, size=79
2014-04-01 10:29:37 keypool added key 80, size=80
2014-04-01 10:29:37 keypool added key 81, size=81
2014-04-01 10:29:37 keypool added key 82, size=82
2014-04-01 10:29:37 keypool added key 83, size=83
2014-04-01 10:29:37 keypool added key 84, size=84
2014-04-01 10:29:38 keypool added key 85, size=85
2014-04-01 10:29:38 keypool added key 86, size=86
2014-04-01 10:29:38 keypool added key 87, size=87
2014-04-01 10:29:38 keypool added key 88, size=88
2014-04-01 10:29:38 keypool added key 89, size=89
2014-04-01 10:29:38 keypool added key 90, size=90
2014-04-01 10:29:38 keypool added key 91, size=91
2014-04-01 10:29:38 keypool added key 92, size=92
2014-04-01 10:29:38 keypool added key 93, size=93
2014-04-01 10:29:38 keypool added key 94, size=94
2014-04-01 10:29:39 keypool added key 95, size=95
2014-04-01 10:29:39 keypool added key 96, size=96
2014-04-01 10:29:39 keypool added key 97, size=97
2014-04-01 10:29:39 keypool added key 98, size=98
2014-04-01 10:29:39 keypool added key 99, size=99
2014-04-01 10:29:39 keypool added key 100, size=100
2014-04-01 10:29:39 keypool added key 101, size=101
2014-04-01 10:29:39 keypool reserve 1
2014-04-01 10:29:39 keypool keep 1
2014-04-01 10:29:40  wallet                12877ms
2014-04-01 10:29:40 init message: Loading addresses...
2014-04-01 10:29:40 ERROR: CAddrman::Read() : open failed
2014-04-01 10:29:40 Invalid or missing peers.dat; recreating
2014-04-01 10:29:40 Loaded 0 addresses from peers.dat  1ms
2014-04-01 10:29:40 mapBlockIndex.size() = 1
2014-04-01 10:29:40 nBestHeight = 0
2014-04-01 10:29:40 setKeyPool.size() = 100
2014-04-01 10:29:40 mapWallet.size() = 0
2014-04-01 10:29:40 mapAddressBook.size() = 1
2014-04-01 10:29:40 AddLocal([2600:100e:b10a:3f30:64cc:a441:4bbc:2d40]:11071,1)
2014-04-01 10:29:40 AddLocal([2600:100e:b10a:3f30:b132:917d:8f1:f7e5]:11071,1)
2014-04-01 10:29:40 AddLocal([2001:0:9d38:6ab8:34d7:e562:b92f:fe95]:11071,1)
2014-04-01 10:29:40 dnsseed thread start
2014-04-01 10:29:40 Loading addresses from DNS seeds (could take a while)
2014-04-01 10:29:40 0 addresses found from DNS seeds
2014-04-01 10:29:40 opencon thread start
2014-04-01 10:29:40 msghand thread start
2014-04-01 10:29:40 dumpaddr thread start
2014-04-01 10:29:40 upnp thread start
2014-04-01 10:29:40 addcon thread start
2014-04-01 10:29:40 net thread start
2014-04-01 10:29:40 dnsseed thread exit
2014-04-01 10:29:40 init message: Done loading
2014-04-01 10:29:40 refreshWallet
2014-04-01 10:29:45 connection timeout
2014-04-01 10:29:45 ERROR: GetMyExternalIP() : connection to 91.198.22.70:80 failed
2014-04-01 10:29:46 No valid UPnP IGDs found
2014-04-01 10:29:46 upnp thread exit
2014-04-01 10:29:50 connection timeout
2014-04-01 10:29:50 ERROR: GetMyExternalIP() : connection to 74.208.43.192:80 failed
2014-04-01 10:29:50 recv failed: 0
2014-04-01 10:29:50 ERROR: GetMyExternalIP() : connection closed
2014-04-01 10:29:55 connection timeout
2014-04-01 10:29:55 ERROR: GetMyExternalIP() : connection to [2a01:608:ffff:2872::10]:80 failed
2014-04-01 10:30:34 dumpaddr thread stop
2014-04-01 10:30:34 opencon thread interrupt
2014-04-01 10:30:34 addcon thread interrupt
2014-04-01 10:30:34 msghand thread interrupt
2014-04-01 10:30:34 net thread interrupt
2014-04-01 10:30:34 Shutdown : In progress...
2014-04-01 10:30:34 Flush(false)
2014-04-01 10:30:34 wallet.dat refcount=0
2014-04-01 10:30:34 wallet.dat checkpoint
2014-04-01 10:30:34 wallet.dat detach
2014-04-01 10:30:34 wallet.dat closed
2014-04-01 10:30:34 DBFlush(false) ended             100ms
2014-04-01 10:30:34 StopNode()
2014-04-01 10:30:34 Flushed 0 addresses to peers.dat  23ms
2014-04-01 10:30:34 Committing 0 changed transactions to coin database...
2014-04-01 10:30:34 Flush(true)
2014-04-01 10:30:34 wallet.dat refcount=0
2014-04-01 10:30:34 wallet.dat checkpoint
2014-04-01 10:30:34 wallet.dat detach
2014-04-01 10:30:34 wallet.dat closed
2014-04-01 10:30:34 DBFlush(true) ended             113ms
2014-04-01 10:30:34 Shutdown : done
2014-04-01 10:30:38 



















2014-04-01 10:30:38 Matrixcoin version v0.8.6.0-unk-beta (Apr  1 2014, 00:41:47)
2014-04-01 10:30:38 Using OpenSSL version OpenSSL 1.0.1f 6 Jan 2014
2014-04-01 10:30:38 Default data directory .
2014-04-01 10:30:38 Using data directory .
2014-04-01 10:30:38 Using at most 125 connections (2048 file descriptors available)
2014-04-01 10:30:38 Using 4 threads for script verification
2014-04-01 10:30:38 init message: Verifying wallet...
2014-04-01 10:30:38 dbenv.open LogDir=.\database ErrorFile=.\db.log
2014-04-01 10:30:38 Bound to [::]:11071
2014-04-01 10:30:38 Bound to 0.0.0.0:11071
2014-04-01 10:30:38 init message: Loading block index...
2014-04-01 10:30:38 Opening LevelDB in .\blocks\index
2014-04-01 10:30:38 Opened LevelDB successfully
2014-04-01 10:30:38 Opening LevelDB in .\chainstate
2014-04-01 10:30:38 Opened LevelDB successfully
2014-04-01 10:30:38 LoadBlockIndexDB(): last block file = 0
2014-04-01 10:30:38 LoadBlockIndexDB(): last block file info: CBlockFileInfo(blocks=1, size=237, heights=0...0, time=2014-03-30...2014-03-30)
2014-04-01 10:30:38 LoadBlockIndexDB(): transaction index disabled
2014-04-01 10:30:38 LoadBlockIndexDB(): hashBestChain=00000000d11c63ed155683cf83fb45e1fb15414535886ffbaf9d5821e4b75306  height=0 date=2014-03-30 08:45:06
2014-04-01 10:30:38 init message: Verifying blocks...
2014-04-01 10:30:38  block index              15ms
2014-04-01 10:30:38 init message: Loading wallet...
2014-04-01 10:30:38 nFileVersion = 80600
2014-04-01 10:30:38  wallet                  513ms
2014-04-01 10:30:38 init message: Loading addresses...
2014-04-01 10:30:38 Loaded 0 addresses from peers.dat  0ms
2014-04-01 10:30:39 mapBlockIndex.size() = 1
2014-04-01 10:30:39 nBestHeight = 0
2014-04-01 10:30:39 setKeyPool.size() = 100
2014-04-01 10:30:39 mapWallet.size() = 0
2014-04-01 10:30:39 mapAddressBook.size() = 1
2014-04-01 10:30:39 AddLocal([2600:100e:b10a:3f30:64cc:a441:4bbc:2d40]:11071,1)
2014-04-01 10:30:39 AddLocal([2600:100e:b10a:3f30:b132:917d:8f1:f7e5]:11071,1)
2014-04-01 10:30:39 AddLocal([2001:0:9d38:6ab8:34d7:e562:b92f:fe95]:11071,1)
2014-04-01 10:30:39 dnsseed thread start
2014-04-01 10:30:39 Loading addresses from DNS seeds (could take a while)
2014-04-01 10:30:39 0 addresses found from DNS seeds
2014-04-01 10:30:39 dnsseed thread exit
2014-04-01 10:30:39 opencon thread start
2014-04-01 10:30:39 upnp thread start
2014-04-01 10:30:39 msghand thread start
2014-04-01 10:30:39 dumpaddr thread start
2014-04-01 10:30:39 net thread start
2014-04-01 10:30:39 addcon thread start
2014-04-01 10:30:39 init message: Done loading
2014-04-01 10:30:39 trying connection 107.170.206.242:11071 lastseen=360096.7hrs
2014-04-01 10:30:39 refreshWallet
2014-04-01 10:30:40 connected 107.170.206.242:11071
2014-04-01 10:30:40 send version message: version 70001, blocks=0, us=[2001:0:9d38:6ab8:34d7:e562:b92f:fe95]:11071, them=107.170.206.242:11071, peer=107.170.206.242:11071
2014-04-01 10:30:40 socket closed
2014-04-01 10:30:40 disconnecting node 107.170.206.242:11071
2014-04-01 10:30:43 GetMyExternalIP() received [70.208.1.106] 70.208.1.106:0
2014-04-01 10:30:43 GetMyExternalIP() returned 70.208.1.106
2014-04-01 10:30:43 AddLocal(70.208.1.106:11071,4)
2014-04-01 10:30:45 No valid UPnP IGDs found
2014-04-01 10:30:45 upnp thread exit
2014-04-01 10:31:40 Added 600 addresses from 127.0.0.1: 0 tried, 600 new
2014-04-01 10:31:40 trying connection 217.114.68.234:11071 lastseen=320.4hrs
2014-04-01 10:31:45 connection timeout
2014-04-01 10:31:45 trying connection 216.119.158.145:11071 lastseen=270.8hrs
2014-04-01 10:31:50 connection timeout
2014-04-01 10:31:51 trying connection 50.147.13.138:11071 lastseen=269.6hrs
2014-04-01 10:31:56 connection timeout
2014-04-01 10:31:56 trying connection 24.163.74.41:11071 lastseen=318.4hrs
2014-04-01 10:32:01 connection timeout
2014-04-01 10:32:02 trying connection 193.109.248.20:11071 lastseen=224.6hrs
2014-04-01 10:32:07 connection timeout
2014-04-01 10:32:07 trying connection 46.253.203.99:11071 lastseen=246.1hrs
2014-04-01 10:32:12 connection timeout
2014-04-01 10:32:13 trying connection 173.71.209.213:11071 lastseen=284.5hrs
2014-04-01 10:32:18 connection timeout
2014-04-01 10:32:18 trying connection 82.67.253.83:11071 lastseen=179.0hrs
2014-04-01 10:32:23 connection timeout
2014-04-01 10:32:24 trying connection 75.97.147.96:11071 lastseen=228.9hrs
2014-04-01 10:32:29 connection timeout
2014-04-01 10:32:29 trying connection 76.107.232.116:11071 lastseen=262.2hrs
